0 info it worked if it ends with ok
1 verbose cli [ '/usr/bin/node',
1 verbose cli   '/usr/bin/npm',
1 verbose cli   'install',
1 verbose cli   'webpack',
1 verbose cli   'webpack-cli',
1 verbose cli   '--save-dev' ]
2 info using npm@3.5.2
3 info using node@v8.10.0
4 silly loadCurrentTree Starting
5 silly install loadCurrentTree
6 silly install readLocalPackageData
7 silly fetchPackageMetaData webpack
8 silly fetchPackageMetaData webpack-cli
9 silly fetchNamedPackageData webpack
10 silly mapToRegistry name webpack
11 silly mapToRegistry using default registry
12 silly mapToRegistry registry https://registry.npmjs.org/
13 silly mapToRegistry uri https://registry.npmjs.org/webpack
14 silly fetchNamedPackageData webpack-cli
15 silly mapToRegistry name webpack-cli
16 silly mapToRegistry using default registry
17 silly mapToRegistry registry https://registry.npmjs.org/
18 silly mapToRegistry uri https://registry.npmjs.org/webpack-cli
19 verbose request uri https://registry.npmjs.org/webpack
20 verbose request no auth needed
21 info attempt registry request try #1 at 15:10:40
22 verbose request id 3f6846531551142c
23 http request GET https://registry.npmjs.org/webpack
24 verbose request uri https://registry.npmjs.org/webpack-cli
25 verbose request no auth needed
26 info attempt registry request try #1 at 15:10:40
27 http request GET https://registry.npmjs.org/webpack-cli
28 http 200 https://registry.npmjs.org/webpack-cli
29 verbose headers { date: 'Fri, 04 Nov 2022 14:10:40 GMT',
29 verbose headers   'content-type': 'application/json',
29 verbose headers   'transfer-encoding': 'chunked',
29 verbose headers   connection: 'keep-alive',
29 verbose headers   'cf-ray': '764def3d58a3928f-FRA',
29 verbose headers   'access-control-allow-origin': '*',
29 verbose headers   age: '103',
29 verbose headers   'cache-control': 'public, max-age=300',
29 verbose headers   etag: 'W/"acd31eb91dc45cfee8794be2e0fc9527"',
29 verbose headers   'last-modified': 'Tue, 28 Jun 2022 23:43:54 GMT',
29 verbose headers   vary: 'accept-encoding, accept',
29 verbose headers   'cf-cache-status': 'HIT',
29 verbose headers   'x-amz-replication-status': 'COMPLETED',
29 verbose headers   server: 'cloudflare',
29 verbose headers   'content-encoding': 'gzip' }
30 silly get cb [ 200,
30 silly get   { date: 'Fri, 04 Nov 2022 14:10:40 GMT',
30 silly get     'content-type': 'application/json',
30 silly get     'transfer-encoding': 'chunked',
30 silly get     connection: 'keep-alive',
30 silly get     'cf-ray': '764def3d58a3928f-FRA',
30 silly get     'access-control-allow-origin': '*',
30 silly get     age: '103',
30 silly get     'cache-control': 'public, max-age=300',
30 silly get     etag: 'W/"acd31eb91dc45cfee8794be2e0fc9527"',
30 silly get     'last-modified': 'Tue, 28 Jun 2022 23:43:54 GMT',
30 silly get     vary: 'accept-encoding, accept',
30 silly get     'cf-cache-status': 'HIT',
30 silly get     'x-amz-replication-status': 'COMPLETED',
30 silly get     server: 'cloudflare',
30 silly get     'content-encoding': 'gzip' } ]
31 verbose get saving webpack-cli to /home/users/alex/.npm/registry.npmjs.org/webpack-cli/.cache.json
32 http 200 https://registry.npmjs.org/webpack
33 verbose headers { date: 'Fri, 04 Nov 2022 14:10:40 GMT',
33 verbose headers   'content-type': 'application/json',
33 verbose headers   'transfer-encoding': 'chunked',
33 verbose headers   connection: 'keep-alive',
33 verbose headers   'cf-ray': '764def3d5ad59972-FRA',
33 verbose headers   'access-control-allow-origin': '*',
33 verbose headers   age: '63',
33 verbose headers   'cache-control': 'public, max-age=300',
33 verbose headers   etag: 'W/"94ef4cf778d6682fcf55d83547ebb469"',
33 verbose headers   'last-modified': 'Sun, 25 Sep 2022 22:09:11 GMT',
33 verbose headers   vary: 'accept-encoding, accept',
33 verbose headers   'cf-cache-status': 'HIT',
33 verbose headers   'x-amz-replication-status': 'PENDING',
33 verbose headers   server: 'cloudflare',
33 verbose headers   'content-encoding': 'gzip' }
34 silly get cb [ 200,
34 silly get   { date: 'Fri, 04 Nov 2022 14:10:40 GMT',
34 silly get     'content-type': 'application/json',
34 silly get     'transfer-encoding': 'chunked',
34 silly get     connection: 'keep-alive',
34 silly get     'cf-ray': '764def3d5ad59972-FRA',
34 silly get     'access-control-allow-origin': '*',
34 silly get     age: '63',
34 silly get     'cache-control': 'public, max-age=300',
34 silly get     etag: 'W/"94ef4cf778d6682fcf55d83547ebb469"',
34 silly get     'last-modified': 'Sun, 25 Sep 2022 22:09:11 GMT',
34 silly get     vary: 'accept-encoding, accept',
34 silly get     'cf-cache-status': 'HIT',
34 silly get     'x-amz-replication-status': 'PENDING',
34 silly get     server: 'cloudflare',
34 silly get     'content-encoding': 'gzip' } ]
35 verbose get saving webpack to /home/users/alex/.npm/registry.npmjs.org/webpack/.cache.json
36 silly install normalizeTree
37 silly loadCurrentTree Finishing
38 silly loadIdealTree Starting
39 silly install loadIdealTree
40 silly cloneCurrentTree Starting
41 silly install cloneCurrentTreeToIdealTree
42 silly cloneCurrentTree Finishing
43 silly loadShrinkwrap Starting
44 silly install loadShrinkwrap
45 silly loadShrinkwrap Finishing
46 silly loadAllDepsIntoIdealTree Starting
47 silly install loadAllDepsIntoIdealTree
48 silly resolveWithNewModule webpack-cli@4.10.0 checking installable status
49 silly cache add args [ 'webpack-cli', null ]
50 verbose cache add spec webpack-cli
51 silly resolveWithNewModule webpack@5.74.0 checking installable status
52 silly cache add args [ 'webpack', null ]
53 verbose cache add spec webpack
54 silly cache add parsed spec Result {
54 silly cache add   raw: 'webpack-cli',
54 silly cache add   scope: null,
54 silly cache add   name: 'webpack-cli',
54 silly cache add   rawSpec: '',
54 silly cache add   spec: 'latest',
54 silly cache add   type: 'tag' }
55 silly addNamed webpack-cli@latest
56 verbose addNamed "latest" is being treated as a dist-tag for webpack-cli
57 info addNameTag [ 'webpack-cli', 'latest' ]
58 silly mapToRegistry name webpack-cli
59 silly mapToRegistry using default registry
60 silly mapToRegistry registry https://registry.npmjs.org/
61 silly mapToRegistry uri https://registry.npmjs.org/webpack-cli
62 verbose addNameTag registry:https://registry.npmjs.org/webpack-cli not in flight; fetching
63 silly cache add parsed spec Result {
63 silly cache add   raw: 'webpack',
63 silly cache add   scope: null,
63 silly cache add   name: 'webpack',
63 silly cache add   rawSpec: '',
63 silly cache add   spec: 'latest',
63 silly cache add   type: 'tag' }
64 silly addNamed webpack@latest
65 verbose addNamed "latest" is being treated as a dist-tag for webpack
66 info addNameTag [ 'webpack', 'latest' ]
67 silly mapToRegistry name webpack
68 silly mapToRegistry using default registry
69 silly mapToRegistry registry https://registry.npmjs.org/
70 silly mapToRegistry uri https://registry.npmjs.org/webpack
71 verbose addNameTag registry:https://registry.npmjs.org/webpack not in flight; fetching
72 verbose get https://registry.npmjs.org/webpack-cli not expired, no request
73 silly addNameTag next cb for webpack-cli with tag latest
74 silly addNamed webpack-cli@4.10.0
75 verbose addNamed "4.10.0" is a plain semver version for webpack-cli
76 silly mapToRegistry name webpack-cli
77 silly mapToRegistry using default registry
78 silly mapToRegistry registry https://registry.npmjs.org/
79 silly mapToRegistry uri https://registry.npmjs.org/webpack-cli
80 verbose addRemoteTarball https://registry.npmjs.org/webpack-cli/-/webpack-cli-4.10.0.tgz not in flight; adding
81 verbose addRemoteTarball [ 'https://registry.npmjs.org/webpack-cli/-/webpack-cli-4.10.0.tgz',
81 verbose addRemoteTarball   '37c1d69c8d85214c5a65e589378f53aec64dab31' ]
82 verbose get https://registry.npmjs.org/webpack not expired, no request
83 silly addNameTag next cb for webpack with tag latest
84 silly addNamed webpack@5.74.0
85 verbose addNamed "5.74.0" is a plain semver version for webpack
86 silly mapToRegistry name webpack
87 silly mapToRegistry using default registry
88 silly mapToRegistry registry https://registry.npmjs.org/
89 silly mapToRegistry uri https://registry.npmjs.org/webpack
90 verbose addRemoteTarball https://registry.npmjs.org/webpack/-/webpack-5.74.0.tgz not in flight; adding
91 verbose addRemoteTarball [ 'https://registry.npmjs.org/webpack/-/webpack-5.74.0.tgz',
91 verbose addRemoteTarball   '02a5dac19a17e0bb47093f2be67c695102a55980' ]
92 info retry fetch attempt 1 at 15:10:41
93 info attempt registry request try #1 at 15:10:41
94 http fetch GET https://registry.npmjs.org/webpack-cli/-/webpack-cli-4.10.0.tgz
95 info retry fetch attempt 1 at 15:10:41
96 info attempt registry request try #1 at 15:10:41
97 http fetch GET https://registry.npmjs.org/webpack/-/webpack-5.74.0.tgz
98 http fetch 200 https://registry.npmjs.org/webpack-cli/-/webpack-cli-4.10.0.tgz
99 silly fetchAndShaCheck shasum 37c1d69c8d85214c5a65e589378f53aec64dab31
100 verbose addTmpTarball /tmp/npm-13303-ea07df1b/registry.npmjs.org/webpack-cli/-/webpack-cli-4.10.0.tgz not in flight; adding
101 verbose addTmpTarball already have metadata; skipping unpack for webpack-cli@4.10.0
102 silly cache afterAdd webpack-cli@4.10.0
103 verbose afterAdd /home/users/alex/.npm/webpack-cli/4.10.0/package/package.json not in flight; writing
104 http fetch 200 https://registry.npmjs.org/webpack/-/webpack-5.74.0.tgz
105 verbose afterAdd /home/users/alex/.npm/webpack-cli/4.10.0/package/package.json written
106 silly fetchAndShaCheck shasum 02a5dac19a17e0bb47093f2be67c695102a55980
107 verbose addTmpTarball /tmp/npm-13303-ea07df1b/registry.npmjs.org/webpack/-/webpack-5.74.0.tgz not in flight; adding
108 verbose addTmpTarball already have metadata; skipping unpack for webpack@5.74.0
109 silly cache afterAdd webpack@5.74.0
110 verbose afterAdd /home/users/alex/.npm/webpack/5.74.0/package/package.json not in flight; writing
111 verbose afterAdd /home/users/alex/.npm/webpack/5.74.0/package/package.json written
112 silly fetchNamedPackageData @types/eslint-scope
113 silly mapToRegistry name @types/eslint-scope
114 silly mapToRegistry scope (from package name) @types
115 verbose mapToRegistry no registry URL found in name for scope @types
116 silly mapToRegistry using default registry
117 silly mapToRegistry registry https://registry.npmjs.org/
118 silly mapToRegistry uri https://registry.npmjs.org/@types%2feslint-scope
119 silly fetchNamedPackageData @types/estree
120 silly mapToRegistry name @types/estree
121 silly mapToRegistry scope (from package name) @types
122 verbose mapToRegistry no registry URL found in name for scope @types
123 silly mapToRegistry using default registry
124 silly mapToRegistry registry https://registry.npmjs.org/
125 silly mapToRegistry uri https://registry.npmjs.org/@types%2festree
126 silly fetchNamedPackageData @webassemblyjs/ast
127 silly mapToRegistry name @webassemblyjs/ast
128 silly mapToRegistry scope (from package name) @webassemblyjs
129 verbose mapToRegistry no registry URL found in name for scope @webassemblyjs
130 silly mapToRegistry using default registry
131 silly mapToRegistry registry https://registry.npmjs.org/
132 silly mapToRegistry uri https://registry.npmjs.org/@webassemblyjs%2fast
133 silly fetchNamedPackageData @webassemblyjs/wasm-edit
134 silly mapToRegistry name @webassemblyjs/wasm-edit
135 silly mapToRegistry scope (from package name) @webassemblyjs
136 verbose mapToRegistry no registry URL found in name for scope @webassemblyjs
137 silly mapToRegistry using default registry
138 silly mapToRegistry registry https://registry.npmjs.org/
139 silly mapToRegistry uri https://registry.npmjs.org/@webassemblyjs%2fwasm-edit
140 silly fetchNamedPackageData @webassemblyjs/wasm-parser
141 silly mapToRegistry name @webassemblyjs/wasm-parser
142 silly mapToRegistry scope (from package name) @webassemblyjs
143 verbose mapToRegistry no registry URL found in name for scope @webassemblyjs
144 silly mapToRegistry using default registry
145 silly mapToRegistry registry https://registry.npmjs.org/
146 silly mapToRegistry uri https://registry.npmjs.org/@webassemblyjs%2fwasm-parser
147 silly fetchNamedPackageData acorn
148 silly mapToRegistry name acorn
149 silly mapToRegistry using default registry
150 silly mapToRegistry registry https://registry.npmjs.org/
151 silly mapToRegistry uri https://registry.npmjs.org/acorn
152 silly fetchNamedPackageData acorn-import-assertions
153 silly mapToRegistry name acorn-import-assertions
154 silly mapToRegistry using default registry
155 silly mapToRegistry registry https://registry.npmjs.org/
156 silly mapToRegistry uri https://registry.npmjs.org/acorn-import-assertions
157 silly fetchNamedPackageData browserslist
158 silly mapToRegistry name browserslist
159 silly mapToRegistry using default registry
160 silly mapToRegistry registry https://registry.npmjs.org/
161 silly mapToRegistry uri https://registry.npmjs.org/browserslist
162 silly fetchNamedPackageData chrome-trace-event
163 silly mapToRegistry name chrome-trace-event
164 silly mapToRegistry using default registry
165 silly mapToRegistry registry https://registry.npmjs.org/
166 silly mapToRegistry uri https://registry.npmjs.org/chrome-trace-event
167 silly fetchNamedPackageData enhanced-resolve
168 silly mapToRegistry name enhanced-resolve
169 silly mapToRegistry using default registry
170 silly mapToRegistry registry https://registry.npmjs.org/
171 silly mapToRegistry uri https://registry.npmjs.org/enhanced-resolve
172 silly fetchNamedPackageData es-module-lexer
173 silly mapToRegistry name es-module-lexer
174 silly mapToRegistry using default registry
175 silly mapToRegistry registry https://registry.npmjs.org/
176 silly mapToRegistry uri https://registry.npmjs.org/es-module-lexer
177 silly fetchNamedPackageData eslint-scope
178 silly mapToRegistry name eslint-scope
179 silly mapToRegistry using default registry
180 silly mapToRegistry registry https://registry.npmjs.org/
181 silly mapToRegistry uri https://registry.npmjs.org/eslint-scope
182 silly fetchNamedPackageData events
183 silly mapToRegistry name events
184 silly mapToRegistry using default registry
185 silly mapToRegistry registry https://registry.npmjs.org/
186 silly mapToRegistry uri https://registry.npmjs.org/events
187 silly fetchNamedPackageData glob-to-regexp
188 silly mapToRegistry name glob-to-regexp
189 silly mapToRegistry using default registry
190 silly mapToRegistry registry https://registry.npmjs.org/
191 silly mapToRegistry uri https://registry.npmjs.org/glob-to-regexp
192 silly fetchNamedPackageData graceful-fs
193 silly mapToRegistry name graceful-fs
194 silly mapToRegistry using default registry
195 silly mapToRegistry registry https://registry.npmjs.org/
196 silly mapToRegistry uri https://registry.npmjs.org/graceful-fs
197 silly fetchNamedPackageData json-parse-even-better-errors
198 silly mapToRegistry name json-parse-even-better-errors
199 silly mapToRegistry using default registry
200 silly mapToRegistry registry https://registry.npmjs.org/
201 silly mapToRegistry uri https://registry.npmjs.org/json-parse-even-better-errors
202 silly fetchNamedPackageData loader-runner
203 silly mapToRegistry name loader-runner
204 silly mapToRegistry using default registry
205 silly mapToRegistry registry https://registry.npmjs.org/
206 silly mapToRegistry uri https://registry.npmjs.org/loader-runner
207 silly fetchNamedPackageData mime-types
208 silly mapToRegistry name mime-types
209 silly mapToRegistry using default registry
210 silly mapToRegistry registry https://registry.npmjs.org/
211 silly mapToRegistry uri https://registry.npmjs.org/mime-types
212 silly fetchNamedPackageData neo-async
213 silly mapToRegistry name neo-async
214 silly mapToRegistry using default registry
215 silly mapToRegistry registry https://registry.npmjs.org/
216 silly mapToRegistry uri https://registry.npmjs.org/neo-async
217 silly fetchNamedPackageData schema-utils
218 silly mapToRegistry name schema-utils
219 silly mapToRegistry using default registry
220 silly mapToRegistry registry https://registry.npmjs.org/
221 silly mapToRegistry uri https://registry.npmjs.org/schema-utils
222 silly fetchNamedPackageData tapable
223 silly mapToRegistry name tapable
224 silly mapToRegistry using default registry
225 silly mapToRegistry registry https://registry.npmjs.org/
226 silly mapToRegistry uri https://registry.npmjs.org/tapable
227 silly fetchNamedPackageData terser-webpack-plugin
228 silly mapToRegistry name terser-webpack-plugin
229 silly mapToRegistry using default registry
230 silly mapToRegistry registry https://registry.npmjs.org/
231 silly mapToRegistry uri https://registry.npmjs.org/terser-webpack-plugin
232 silly fetchNamedPackageData watchpack
233 silly mapToRegistry name watchpack
234 silly mapToRegistry using default registry
235 silly mapToRegistry registry https://registry.npmjs.org/
236 silly mapToRegistry uri https://registry.npmjs.org/watchpack
237 silly fetchNamedPackageData webpack-sources
238 silly mapToRegistry name webpack-sources
239 silly mapToRegistry using default registry
240 silly mapToRegistry registry https://registry.npmjs.org/
241 silly mapToRegistry uri https://registry.npmjs.org/webpack-sources
242 verbose request uri https://registry.npmjs.org/@types%2feslint-scope
243 verbose request no auth needed
244 info attempt registry request try #1 at 15:10:42
245 http request GET https://registry.npmjs.org/@types%2feslint-scope
246 verbose request uri https://registry.npmjs.org/@types%2festree
247 verbose request no auth needed
248 info attempt registry request try #1 at 15:10:42
249 http request GET https://registry.npmjs.org/@types%2festree
250 verbose request uri https://registry.npmjs.org/@webassemblyjs%2fast
251 verbose request no auth needed
252 info attempt registry request try #1 at 15:10:42
253 http request GET https://registry.npmjs.org/@webassemblyjs%2fast
254 verbose request uri https://registry.npmjs.org/@webassemblyjs%2fwasm-edit
255 verbose request no auth needed
256 info attempt registry request try #1 at 15:10:42
257 http request GET https://registry.npmjs.org/@webassemblyjs%2fwasm-edit
258 verbose request uri https://registry.npmjs.org/@webassemblyjs%2fwasm-parser
259 verbose request no auth needed
260 info attempt registry request try #1 at 15:10:42
261 http request GET https://registry.npmjs.org/@webassemblyjs%2fwasm-parser
262 verbose request uri https://registry.npmjs.org/acorn
263 verbose request no auth needed
264 info attempt registry request try #1 at 15:10:42
265 http request GET https://registry.npmjs.org/acorn
266 verbose request uri https://registry.npmjs.org/acorn-import-assertions
267 verbose request no auth needed
268 info attempt registry request try #1 at 15:10:42
269 http request GET https://registry.npmjs.org/acorn-import-assertions
270 verbose request uri https://registry.npmjs.org/browserslist
271 verbose request no auth needed
272 info attempt registry request try #1 at 15:10:42
273 http request GET https://registry.npmjs.org/browserslist
274 verbose request uri https://registry.npmjs.org/chrome-trace-event
275 verbose request no auth needed
276 info attempt registry request try #1 at 15:10:42
277 http request GET https://registry.npmjs.org/chrome-trace-event
278 verbose request uri https://registry.npmjs.org/enhanced-resolve
279 verbose request no auth needed
280 info attempt registry request try #1 at 15:10:42
281 http request GET https://registry.npmjs.org/enhanced-resolve
282 verbose request uri https://registry.npmjs.org/es-module-lexer
283 verbose request no auth needed
284 info attempt registry request try #1 at 15:10:42
285 http request GET https://registry.npmjs.org/es-module-lexer
286 verbose request uri https://registry.npmjs.org/eslint-scope
287 verbose request no auth needed
288 info attempt registry request try #1 at 15:10:42
289 http request GET https://registry.npmjs.org/eslint-scope
290 verbose request uri https://registry.npmjs.org/events
291 verbose request no auth needed
292 info attempt registry request try #1 at 15:10:42
293 http request GET https://registry.npmjs.org/events
294 verbose request uri https://registry.npmjs.org/glob-to-regexp
295 verbose request no auth needed
296 info attempt registry request try #1 at 15:10:42
297 http request GET https://registry.npmjs.org/glob-to-regexp
298 verbose request uri https://registry.npmjs.org/graceful-fs
299 verbose request no auth needed
300 info attempt registry request try #1 at 15:10:42
301 http request GET https://registry.npmjs.org/graceful-fs
302 verbose request uri https://registry.npmjs.org/json-parse-even-better-errors
303 verbose request no auth needed
304 info attempt registry request try #1 at 15:10:42
305 http request GET https://registry.npmjs.org/json-parse-even-better-errors
306 verbose request uri https://registry.npmjs.org/loader-runner
307 verbose request no auth needed
308 info attempt registry request try #1 at 15:10:42
309 http request GET https://registry.npmjs.org/loader-runner
310 verbose request uri https://registry.npmjs.org/mime-types
311 verbose request no auth needed
312 info attempt registry request try #1 at 15:10:42
313 http request GET https://registry.npmjs.org/mime-types
314 verbose request uri https://registry.npmjs.org/neo-async
315 verbose request no auth needed
316 info attempt registry request try #1 at 15:10:42
317 http request GET https://registry.npmjs.org/neo-async
318 verbose request uri https://registry.npmjs.org/schema-utils
319 verbose request no auth needed
320 info attempt registry request try #1 at 15:10:42
321 http request GET https://registry.npmjs.org/schema-utils
322 verbose request uri https://registry.npmjs.org/tapable
323 verbose request no auth needed
324 info attempt registry request try #1 at 15:10:42
325 http request GET https://registry.npmjs.org/tapable
326 verbose request uri https://registry.npmjs.org/terser-webpack-plugin
327 verbose request no auth needed
328 info attempt registry request try #1 at 15:10:42
329 http request GET https://registry.npmjs.org/terser-webpack-plugin
330 verbose request uri https://registry.npmjs.org/watchpack
331 verbose request no auth needed
332 info attempt registry request try #1 at 15:10:42
333 http request GET https://registry.npmjs.org/watchpack
334 verbose request uri https://registry.npmjs.org/webpack-sources
335 verbose request no auth needed
336 info attempt registry request try #1 at 15:10:42
337 http request GET https://registry.npmjs.org/webpack-sources
338 http 200 https://registry.npmjs.org/glob-to-regexp
339 verbose headers { date: 'Fri, 04 Nov 2022 14:10:42 GMT',
339 verbose headers   'content-type': 'application/json',
339 verbose headers   'transfer-encoding': 'chunked',
339 verbose headers   connection: 'keep-alive',
339 verbose headers   'cf-ray': '764def453e79bbb3-FRA',
339 verbose headers   'access-control-allow-origin': '*',
339 verbose headers   age: '175',
339 verbose headers   'cache-control': 'public, max-age=300',
339 verbose headers   etag: 'W/"17ba3a99c72274a1e9038c219ebfbadc"',
339 verbose headers   'last-modified': 'Sat, 18 Jun 2022 12:54:54 GMT',
339 verbose headers   vary: 'accept-encoding, accept',
339 verbose headers   'cf-cache-status': 'HIT',
339 verbose headers   'x-amz-replication-status': 'COMPLETED',
339 verbose headers   server: 'cloudflare',
339 verbose headers   'content-encoding': 'gzip' }
340 silly get cb [ 200,
340 silly get   { date: 'Fri, 04 Nov 2022 14:10:42 GMT',
340 silly get     'content-type': 'application/json',
340 silly get     'transfer-encoding': 'chunked',
340 silly get     connection: 'keep-alive',
340 silly get     'cf-ray': '764def453e79bbb3-FRA',
340 silly get     'access-control-allow-origin': '*',
340 silly get     age: '175',
340 silly get     'cache-control': 'public, max-age=300',
340 silly get     etag: 'W/"17ba3a99c72274a1e9038c219ebfbadc"',
340 silly get     'last-modified': 'Sat, 18 Jun 2022 12:54:54 GMT',
340 silly get     vary: 'accept-encoding, accept',
340 silly get     'cf-cache-status': 'HIT',
340 silly get     'x-amz-replication-status': 'COMPLETED',
340 silly get     server: 'cloudflare',
340 silly get     'content-encoding': 'gzip' } ]
341 verbose get saving glob-to-regexp to /home/users/alex/.npm/registry.npmjs.org/glob-to-regexp/.cache.json
342 silly resolveWithNewModule glob-to-regexp@0.4.1 checking installable status
343 silly cache add args [ 'glob-to-regexp@^0.4.1', null ]
344 verbose cache add spec glob-to-regexp@^0.4.1
345 silly cache add parsed spec Result {
345 silly cache add   raw: 'glob-to-regexp@^0.4.1',
345 silly cache add   scope: null,
345 silly cache add   name: 'glob-to-regexp',
345 silly cache add   rawSpec: '^0.4.1',
345 silly cache add   spec: '>=0.4.1 <0.5.0',
345 silly cache add   type: 'range' }
346 silly addNamed glob-to-regexp@>=0.4.1 <0.5.0
347 verbose addNamed ">=0.4.1 <0.5.0" is a valid semver range for glob-to-regexp
348 silly addNameRange { name: 'glob-to-regexp',
348 silly addNameRange   range: '>=0.4.1 <0.5.0',
348 silly addNameRange   hasData: false }
349 silly mapToRegistry name glob-to-regexp
350 silly mapToRegistry using default registry
351 silly mapToRegistry registry https://registry.npmjs.org/
352 silly mapToRegistry uri https://registry.npmjs.org/glob-to-regexp
353 verbose addNameRange registry:https://registry.npmjs.org/glob-to-regexp not in flight; fetching
354 http 200 https://registry.npmjs.org/events
355 verbose headers { date: 'Fri, 04 Nov 2022 14:10:42 GMT',
355 verbose headers   'content-type': 'application/json',
355 verbose headers   'transfer-encoding': 'chunked',
355 verbose headers   connection: 'keep-alive',
355 verbose headers   'cf-ray': '764def453d939188-FRA',
355 verbose headers   'access-control-allow-origin': '*',
355 verbose headers   age: '204',
355 verbose headers   'cache-control': 'public, max-age=300',
355 verbose headers   etag: 'W/"aeb469fa1f07ec43af22c7acd5f4c5da"',
355 verbose headers   'last-modified': 'Fri, 17 Jun 2022 21:35:42 GMT',
355 verbose headers   vary: 'accept-encoding, accept',
355 verbose headers   'cf-cache-status': 'HIT',
355 verbose headers   'x-amz-replication-status': 'COMPLETED',
355 verbose headers   server: 'cloudflare',
355 verbose headers   'content-encoding': 'gzip' }
356 silly get cb [ 200,
356 silly get   { date: 'Fri, 04 Nov 2022 14:10:42 GMT',
356 silly get     'content-type': 'application/json',
356 silly get     'transfer-encoding': 'chunked',
356 silly get     connection: 'keep-alive',
356 silly get     'cf-ray': '764def453d939188-FRA',
356 silly get     'access-control-allow-origin': '*',
356 silly get     age: '204',
356 silly get     'cache-control': 'public, max-age=300',
356 silly get     etag: 'W/"aeb469fa1f07ec43af22c7acd5f4c5da"',
356 silly get     'last-modified': 'Fri, 17 Jun 2022 21:35:42 GMT',
356 silly get     vary: 'accept-encoding, accept',
356 silly get     'cf-cache-status': 'HIT',
356 silly get     'x-amz-replication-status': 'COMPLETED',
356 silly get     server: 'cloudflare',
356 silly get     'content-encoding': 'gzip' } ]
357 verbose get saving events to /home/users/alex/.npm/registry.npmjs.org/events/.cache.json
358 http 200 https://registry.npmjs.org/json-parse-even-better-errors
359 verbose headers { date: 'Fri, 04 Nov 2022 14:10:42 GMT',
359 verbose headers   'content-type': 'application/json',
359 verbose headers   'transfer-encoding': 'chunked',
359 verbose headers   connection: 'keep-alive',
359 verbose headers   'cf-ray': '764def45380a9b9e-FRA',
359 verbose headers   'access-control-allow-origin': '*',
359 verbose headers   age: '0',
359 verbose headers   'cache-control': 'public, max-age=300',
359 verbose headers   etag: 'W/"3295d9b0b21ef51c5377d724d9618166"',
359 verbose headers   'last-modified': 'Mon, 10 Oct 2022 20:43:24 GMT',
359 verbose headers   vary: 'accept-encoding, accept',
359 verbose headers   'cf-cache-status': 'HIT',
359 verbose headers   'x-amz-replication-status': 'COMPLETED',
359 verbose headers   server: 'cloudflare',
359 verbose headers   'content-encoding': 'gzip' }
360 silly get cb [ 200,
360 silly get   { date: 'Fri, 04 Nov 2022 14:10:42 GMT',
360 silly get     'content-type': 'application/json',
360 silly get     'transfer-encoding': 'chunked',
360 silly get     connection: 'keep-alive',
360 silly get     'cf-ray': '764def45380a9b9e-FRA',
360 silly get     'access-control-allow-origin': '*',
360 silly get     age: '0',
360 silly get     'cache-control': 'public, max-age=300',
360 silly get     etag: 'W/"3295d9b0b21ef51c5377d724d9618166"',
360 silly get     'last-modified': 'Mon, 10 Oct 2022 20:43:24 GMT',
360 silly get     vary: 'accept-encoding, accept',
360 silly get     'cf-cache-status': 'HIT',
360 silly get     'x-amz-replication-status': 'COMPLETED',
360 silly get     server: 'cloudflare',
360 silly get     'content-encoding': 'gzip' } ]
361 verbose get saving json-parse-even-better-errors to /home/users/alex/.npm/registry.npmjs.org/json-parse-even-better-errors/.cache.json
362 verbose get https://registry.npmjs.org/glob-to-regexp not expired, no request
363 silly addNameRange number 2 { name: 'glob-to-regexp',
363 silly addNameRange   range: '>=0.4.1 <0.5.0',
363 silly addNameRange   hasData: true }
364 silly addNameRange versions [ 'glob-to-regexp',
364 silly addNameRange   [ '0.0.0',
364 silly addNameRange     '0.0.1',
364 silly addNameRange     '0.0.2',
364 silly addNameRange     '0.1.0',
364 silly addNameRange     '0.2.0',
364 silly addNameRange     '0.3.0',
364 silly addNameRange     '0.4.0',
364 silly addNameRange     '0.4.1' ] ]
365 silly addNamed glob-to-regexp@0.4.1
366 verbose addNamed "0.4.1" is a plain semver version for glob-to-regexp
367 http 200 https://registry.npmjs.org/chrome-trace-event
368 verbose headers { date: 'Fri, 04 Nov 2022 14:10:42 GMT',
368 verbose headers   'content-type': 'application/json',
368 verbose headers   'transfer-encoding': 'chunked',
368 verbose headers   connection: 'keep-alive',
368 verbose headers   'cf-ray': '764def453a479268-FRA',
368 verbose headers   'access-control-allow-origin': '*',
368 verbose headers   age: '165',
368 verbose headers   'cache-control': 'public, max-age=300',
368 verbose headers   etag: 'W/"30fca2379a184914df65c95de2377093"',
368 verbose headers   'last-modified': 'Mon, 13 Jun 2022 06:00:41 GMT',
368 verbose headers   vary: 'accept-encoding, accept',
368 verbose headers   'cf-cache-status': 'HIT',
368 verbose headers   'x-amz-replication-status': 'COMPLETED',
368 verbose headers   server: 'cloudflare',
368 verbose headers   'content-encoding': 'gzip' }
369 silly get cb [ 200,
369 silly get   { date: 'Fri, 04 Nov 2022 14:10:42 GMT',
369 silly get     'content-type': 'application/json',
369 silly get     'transfer-encoding': 'chunked',
369 silly get     connection: 'keep-alive',
369 silly get     'cf-ray': '764def453a479268-FRA',
369 silly get     'access-control-allow-origin': '*',
369 silly get     age: '165',
369 silly get     'cache-control': 'public, max-age=300',
369 silly get     etag: 'W/"30fca2379a184914df65c95de2377093"',
369 silly get     'last-modified': 'Mon, 13 Jun 2022 06:00:41 GMT',
369 silly get     vary: 'accept-encoding, accept',
369 silly get     'cf-cache-status': 'HIT',
369 silly get     'x-amz-replication-status': 'COMPLETED',
369 silly get     server: 'cloudflare',
369 silly get     'content-encoding': 'gzip' } ]
370 verbose get saving chrome-trace-event to /home/users/alex/.npm/registry.npmjs.org/chrome-trace-event/.cache.json
371 silly mapToRegistry name glob-to-regexp
372 silly mapToRegistry using default registry
373 silly mapToRegistry registry https://registry.npmjs.org/
374 silly mapToRegistry uri https://registry.npmjs.org/glob-to-regexp
375 verbose addRemoteTarball https://registry.npmjs.org/glob-to-regexp/-/glob-to-regexp-0.4.1.tgz not in flight; adding
376 verbose addRemoteTarball [ 'https://registry.npmjs.org/glob-to-regexp/-/glob-to-regexp-0.4.1.tgz',
376 verbose addRemoteTarball   'c75297087c851b9a578bd217dd59a92f59fe546e' ]
377 info retry fetch attempt 1 at 15:10:42
378 info attempt registry request try #1 at 15:10:42
379 http fetch GET https://registry.npmjs.org/glob-to-regexp/-/glob-to-regexp-0.4.1.tgz
380 http 200 https://registry.npmjs.org/acorn-import-assertions
381 verbose headers { date: 'Fri, 04 Nov 2022 14:10:42 GMT',
381 verbose headers   'content-type': 'application/json',
381 verbose headers   'transfer-encoding': 'chunked',
381 verbose headers   connection: 'keep-alive',
381 verbose headers   'cf-ray': '764def4539f19a18-FRA',
381 verbose headers   'access-control-allow-origin': '*',
381 verbose headers   age: '79',
381 verbose headers   'cache-control': 'public, max-age=300',
381 verbose headers   etag: 'W/"488f5987cbf781d8e8d8ae3ac9ec3afd"',
381 verbose headers   'last-modified': 'Mon, 11 Apr 2022 12:32:49 GMT',
381 verbose headers   vary: 'accept-encoding, accept',
381 verbose headers   'cf-cache-status': 'HIT',
381 verbose headers   'x-amz-replication-status': 'COMPLETED',
381 verbose headers   server: 'cloudflare',
381 verbose headers   'content-encoding': 'gzip' }
382 silly get cb [ 200,
382 silly get   { date: 'Fri, 04 Nov 2022 14:10:42 GMT',
382 silly get     'content-type': 'application/json',
382 silly get     'transfer-encoding': 'chunked',
382 silly get     connection: 'keep-alive',
382 silly get     'cf-ray': '764def4539f19a18-FRA',
382 silly get     'access-control-allow-origin': '*',
382 silly get     age: '79',
382 silly get     'cache-control': 'public, max-age=300',
382 silly get     etag: 'W/"488f5987cbf781d8e8d8ae3ac9ec3afd"',
382 silly get     'last-modified': 'Mon, 11 Apr 2022 12:32:49 GMT',
382 silly get     vary: 'accept-encoding, accept',
382 silly get     'cf-cache-status': 'HIT',
382 silly get     'x-amz-replication-status': 'COMPLETED',
382 silly get     server: 'cloudflare',
382 silly get     'content-encoding': 'gzip' } ]
383 verbose get saving acorn-import-assertions to /home/users/alex/.npm/registry.npmjs.org/acorn-import-assertions/.cache.json
384 silly resolveWithNewModule json-parse-even-better-errors@2.3.1 checking installable status
385 silly cache add args [ 'json-parse-even-better-errors@^2.3.1', null ]
386 verbose cache add spec json-parse-even-better-errors@^2.3.1
387 silly cache add parsed spec Result {
387 silly cache add   raw: 'json-parse-even-better-errors@^2.3.1',
387 silly cache add   scope: null,
387 silly cache add   name: 'json-parse-even-better-errors',
387 silly cache add   rawSpec: '^2.3.1',
387 silly cache add   spec: '>=2.3.1 <3.0.0',
387 silly cache add   type: 'range' }
388 silly addNamed json-parse-even-better-errors@>=2.3.1 <3.0.0
389 verbose addNamed ">=2.3.1 <3.0.0" is a valid semver range for json-parse-even-better-errors
390 silly addNameRange { name: 'json-parse-even-better-errors',
390 silly addNameRange   range: '>=2.3.1 <3.0.0',
390 silly addNameRange   hasData: false }
391 silly mapToRegistry name json-parse-even-better-errors
392 silly mapToRegistry using default registry
393 silly mapToRegistry registry https://registry.npmjs.org/
394 silly mapToRegistry uri https://registry.npmjs.org/json-parse-even-better-errors
395 verbose addNameRange registry:https://registry.npmjs.org/json-parse-even-better-errors not in flight; fetching
396 silly resolveWithNewModule events@3.3.0 checking installable status
397 silly cache add args [ 'events@^3.2.0', null ]
398 verbose cache add spec events@^3.2.0
399 silly cache add parsed spec Result {
399 silly cache add   raw: 'events@^3.2.0',
399 silly cache add   scope: null,
399 silly cache add   name: 'events',
399 silly cache add   rawSpec: '^3.2.0',
399 silly cache add   spec: '>=3.2.0 <4.0.0',
399 silly cache add   type: 'range' }
400 silly addNamed events@>=3.2.0 <4.0.0
401 verbose addNamed ">=3.2.0 <4.0.0" is a valid semver range for events
402 silly addNameRange { name: 'events', range: '>=3.2.0 <4.0.0', hasData: false }
403 silly mapToRegistry name events
404 silly mapToRegistry using default registry
405 silly mapToRegistry registry https://registry.npmjs.org/
406 silly mapToRegistry uri https://registry.npmjs.org/events
407 verbose addNameRange registry:https://registry.npmjs.org/events not in flight; fetching
408 silly resolveWithNewModule chrome-trace-event@1.0.3 checking installable status
409 silly cache add args [ 'chrome-trace-event@^1.0.2', null ]
410 verbose cache add spec chrome-trace-event@^1.0.2
411 silly cache add parsed spec Result {
411 silly cache add   raw: 'chrome-trace-event@^1.0.2',
411 silly cache add   scope: null,
411 silly cache add   name: 'chrome-trace-event',
411 silly cache add   rawSpec: '^1.0.2',
411 silly cache add   spec: '>=1.0.2 <2.0.0',
411 silly cache add   type: 'range' }
412 silly addNamed chrome-trace-event@>=1.0.2 <2.0.0
413 verbose addNamed ">=1.0.2 <2.0.0" is a valid semver range for chrome-trace-event
414 silly addNameRange { name: 'chrome-trace-event',
414 silly addNameRange   range: '>=1.0.2 <2.0.0',
414 silly addNameRange   hasData: false }
415 silly mapToRegistry name chrome-trace-event
416 silly mapToRegistry using default registry
417 silly mapToRegistry registry https://registry.npmjs.org/
418 silly mapToRegistry uri https://registry.npmjs.org/chrome-trace-event
419 verbose addNameRange registry:https://registry.npmjs.org/chrome-trace-event not in flight; fetching
420 http 200 https://registry.npmjs.org/schema-utils
421 verbose headers { date: 'Fri, 04 Nov 2022 14:10:42 GMT',
421 verbose headers   'content-type': 'application/json',
421 verbose headers   'transfer-encoding': 'chunked',
421 verbose headers   connection: 'keep-alive',
421 verbose headers   'cf-ray': '764def453e569b6a-FRA',
421 verbose headers   'access-control-allow-origin': '*',
421 verbose headers   age: '178',
421 verbose headers   'cache-control': 'public, max-age=300',
421 verbose headers   etag: 'W/"219077198e9fb1c646f8755b98cc255a"',
421 verbose headers   'last-modified': 'Sun, 26 Jun 2022 16:31:16 GMT',
421 verbose headers   vary: 'accept-encoding, accept',
421 verbose headers   'cf-cache-status': 'HIT',
421 verbose headers   'x-amz-replication-status': 'COMPLETED',
421 verbose headers   server: 'cloudflare',
421 verbose headers   'content-encoding': 'gzip' }
422 silly get cb [ 200,
422 silly get   { date: 'Fri, 04 Nov 2022 14:10:42 GMT',
422 silly get     'content-type': 'application/json',
422 silly get     'transfer-encoding': 'chunked',
422 silly get     connection: 'keep-alive',
422 silly get     'cf-ray': '764def453e569b6a-FRA',
422 silly get     'access-control-allow-origin': '*',
422 silly get     age: '178',
422 silly get     'cache-control': 'public, max-age=300',
422 silly get     etag: 'W/"219077198e9fb1c646f8755b98cc255a"',
422 silly get     'last-modified': 'Sun, 26 Jun 2022 16:31:16 GMT',
422 silly get     vary: 'accept-encoding, accept',
422 silly get     'cf-cache-status': 'HIT',
422 silly get     'x-amz-replication-status': 'COMPLETED',
422 silly get     server: 'cloudflare',
422 silly get     'content-encoding': 'gzip' } ]
423 verbose get saving schema-utils to /home/users/alex/.npm/registry.npmjs.org/schema-utils/.cache.json
424 http 200 https://registry.npmjs.org/@types%2feslint-scope
425 verbose headers { date: 'Fri, 04 Nov 2022 14:10:42 GMT',
425 verbose headers   'content-type': 'application/json',
425 verbose headers   'transfer-encoding': 'chunked',
425 verbose headers   connection: 'keep-alive',
425 verbose headers   'cf-ray': '764def452deb928f-FRA',
425 verbose headers   'access-control-allow-origin': '*',
425 verbose headers   age: '294',
425 verbose headers   'cache-control': 'public, max-age=300',
425 verbose headers   etag: 'W/"bdd8579063f10e342850f77f4060d423"',
425 verbose headers   'last-modified': 'Mon, 15 Aug 2022 08:27:35 GMT',
425 verbose headers   vary: 'accept-encoding, accept',
425 verbose headers   'cf-cache-status': 'HIT',
425 verbose headers   'x-amz-replication-status': 'COMPLETED',
425 verbose headers   server: 'cloudflare',
425 verbose headers   'content-encoding': 'gzip' }
426 silly get cb [ 200,
426 silly get   { date: 'Fri, 04 Nov 2022 14:10:42 GMT',
426 silly get     'content-type': 'application/json',
426 silly get     'transfer-encoding': 'chunked',
426 silly get     connection: 'keep-alive',
426 silly get     'cf-ray': '764def452deb928f-FRA',
426 silly get     'access-control-allow-origin': '*',
426 silly get     age: '294',
426 silly get     'cache-control': 'public, max-age=300',
426 silly get     etag: 'W/"bdd8579063f10e342850f77f4060d423"',
426 silly get     'last-modified': 'Mon, 15 Aug 2022 08:27:35 GMT',
426 silly get     vary: 'accept-encoding, accept',
426 silly get     'cf-cache-status': 'HIT',
426 silly get     'x-amz-replication-status': 'COMPLETED',
426 silly get     server: 'cloudflare',
426 silly get     'content-encoding': 'gzip' } ]
427 verbose get saving @types/eslint-scope to /home/users/alex/.npm/registry.npmjs.org/_40types_252feslint-scope/.cache.json
428 http 200 https://registry.npmjs.org/mime-types
429 verbose headers { date: 'Fri, 04 Nov 2022 14:10:42 GMT',
429 verbose headers   'content-type': 'application/json',
429 verbose headers   'transfer-encoding': 'chunked',
429 verbose headers   connection: 'keep-alive',
429 verbose headers   'cf-ray': '764def453ec69066-FRA',
429 verbose headers   'access-control-allow-origin': '*',
429 verbose headers   age: '26',
429 verbose headers   'cache-control': 'public, max-age=300',
429 verbose headers   etag: 'W/"9fad4da85338764c529a1b10c035597d"',
429 verbose headers   'last-modified': 'Sun, 19 Jun 2022 19:56:02 GMT',
429 verbose headers   vary: 'accept-encoding, accept',
429 verbose headers   'cf-cache-status': 'HIT',
429 verbose headers   'x-amz-replication-status': 'COMPLETED',
429 verbose headers   server: 'cloudflare',
429 verbose headers   'content-encoding': 'gzip' }
430 silly get cb [ 200,
430 silly get   { date: 'Fri, 04 Nov 2022 14:10:42 GMT',
430 silly get     'content-type': 'application/json',
430 silly get     'transfer-encoding': 'chunked',
430 silly get     connection: 'keep-alive',
430 silly get     'cf-ray': '764def453ec69066-FRA',
430 silly get     'access-control-allow-origin': '*',
430 silly get     age: '26',
430 silly get     'cache-control': 'public, max-age=300',
430 silly get     etag: 'W/"9fad4da85338764c529a1b10c035597d"',
430 silly get     'last-modified': 'Sun, 19 Jun 2022 19:56:02 GMT',
430 silly get     vary: 'accept-encoding, accept',
430 silly get     'cf-cache-status': 'HIT',
430 silly get     'x-amz-replication-status': 'COMPLETED',
430 silly get     server: 'cloudflare',
430 silly get     'content-encoding': 'gzip' } ]
431 verbose get saving mime-types to /home/users/alex/.npm/registry.npmjs.org/mime-types/.cache.json
432 verbose get https://registry.npmjs.org/json-parse-even-better-errors not expired, no request
433 silly addNameRange number 2 { name: 'json-parse-even-better-errors',
433 silly addNameRange   range: '>=2.3.1 <3.0.0',
433 silly addNameRange   hasData: true }
434 silly addNameRange versions [ 'json-parse-even-better-errors',
434 silly addNameRange   [ '2.0.0', '2.0.1', '2.1.0', '2.2.0', '2.3.0', '2.3.1', '3.0.0' ] ]
435 silly addNamed json-parse-even-better-errors@2.3.1
436 verbose addNamed "2.3.1" is a plain semver version for json-parse-even-better-errors
437 http 200 https://registry.npmjs.org/es-module-lexer
438 verbose headers { date: 'Fri, 04 Nov 2022 14:10:42 GMT',
438 verbose headers   'content-type': 'application/json',
438 verbose headers   'transfer-encoding': 'chunked',
438 verbose headers   connection: 'keep-alive',
438 verbose headers   'cf-ray': '764def453827994e-FRA',
438 verbose headers   'access-control-allow-origin': '*',
438 verbose headers   age: '140',
438 verbose headers   'cache-control': 'public, max-age=300',
438 verbose headers   etag: 'W/"8e9ab351fdc08bbe9a8d0bfda9c42a1b"',
438 verbose headers   'last-modified': 'Mon, 24 Oct 2022 15:37:02 GMT',
438 verbose headers   vary: 'accept-encoding, accept',
438 verbose headers   'cf-cache-status': 'HIT',
438 verbose headers   'x-amz-replication-status': 'PENDING',
438 verbose headers   server: 'cloudflare',
438 verbose headers   'content-encoding': 'gzip' }
439 silly get cb [ 200,
439 silly get   { date: 'Fri, 04 Nov 2022 14:10:42 GMT',
439 silly get     'content-type': 'application/json',
439 silly get     'transfer-encoding': 'chunked',
439 silly get     connection: 'keep-alive',
439 silly get     'cf-ray': '764def453827994e-FRA',
439 silly get     'access-control-allow-origin': '*',
439 silly get     age: '140',
439 silly get     'cache-control': 'public, max-age=300',
439 silly get     etag: 'W/"8e9ab351fdc08bbe9a8d0bfda9c42a1b"',
439 silly get     'last-modified': 'Mon, 24 Oct 2022 15:37:02 GMT',
439 silly get     vary: 'accept-encoding, accept',
439 silly get     'cf-cache-status': 'HIT',
439 silly get     'x-amz-replication-status': 'PENDING',
439 silly get     server: 'cloudflare',
439 silly get     'content-encoding': 'gzip' } ]
440 verbose get saving es-module-lexer to /home/users/alex/.npm/registry.npmjs.org/es-module-lexer/.cache.json
441 verbose get https://registry.npmjs.org/events not expired, no request
442 silly addNameRange number 2 { name: 'events', range: '>=3.2.0 <4.0.0', hasData: true }
443 silly addNameRange versions [ 'events',
443 silly addNameRange   [ '0.1.0',
443 silly addNameRange     '0.1.1',
443 silly addNameRange     '0.2.0',
443 silly addNameRange     '0.3.0',
443 silly addNameRange     '0.4.0',
443 silly addNameRange     '0.5.0',
443 silly addNameRange     '1.0.0',
443 silly addNameRange     '1.0.1',
443 silly addNameRange     '1.0.2',
443 silly addNameRange     '1.1.0',
443 silly addNameRange     '1.1.1',
443 silly addNameRange     '2.0.0',
443 silly addNameRange     '2.1.0',
443 silly addNameRange     '3.0.0',
443 silly addNameRange     '3.1.0',
443 silly addNameRange     '3.2.0',
443 silly addNameRange     '3.3.0' ] ]
444 silly addNamed events@3.3.0
445 verbose addNamed "3.3.0" is a plain semver version for events
446 silly mapToRegistry name json-parse-even-better-errors
447 silly mapToRegistry using default registry
448 silly mapToRegistry registry https://registry.npmjs.org/
449 silly mapToRegistry uri https://registry.npmjs.org/json-parse-even-better-errors
450 verbose addRemoteTarball https://registry.npmjs.org/json-parse-even-better-errors/-/json-parse-even-better-errors-2.3.1.tgz not in flight; adding
451 verbose addRemoteTarball [ 'https://registry.npmjs.org/json-parse-even-better-errors/-/json-parse-even-better-errors-2.3.1.tgz',
451 verbose addRemoteTarball   '7c47805a94319928e05777405dc12e1f7a4ee02d' ]
452 silly mapToRegistry name events
453 silly mapToRegistry using default registry
454 silly mapToRegistry registry https://registry.npmjs.org/
455 silly mapToRegistry uri https://registry.npmjs.org/events
456 verbose addRemoteTarball https://registry.npmjs.org/events/-/events-3.3.0.tgz not in flight; adding
457 verbose addRemoteTarball [ 'https://registry.npmjs.org/events/-/events-3.3.0.tgz',
457 verbose addRemoteTarball   '31a95ad0a924e2d2c419a813aeb2c4e878ea7400' ]
458 http fetch 200 https://registry.npmjs.org/glob-to-regexp/-/glob-to-regexp-0.4.1.tgz
459 verbose get https://registry.npmjs.org/chrome-trace-event not expired, no request
460 silly addNameRange number 2 { name: 'chrome-trace-event',
460 silly addNameRange   range: '>=1.0.2 <2.0.0',
460 silly addNameRange   hasData: true }
461 silly addNameRange versions [ 'chrome-trace-event',
461 silly addNameRange   [ '0.1.0',
461 silly addNameRange     '0.1.1',
461 silly addNameRange     '0.1.2',
461 silly addNameRange     '0.1.3',
461 silly addNameRange     '1.0.0',
461 silly addNameRange     '1.0.1',
461 silly addNameRange     '1.0.2',
461 silly addNameRange     '1.0.3' ] ]
462 silly addNamed chrome-trace-event@1.0.3
463 verbose addNamed "1.0.3" is a plain semver version for chrome-trace-event
464 silly mapToRegistry name chrome-trace-event
465 silly mapToRegistry using default registry
466 silly mapToRegistry registry https://registry.npmjs.org/
467 silly mapToRegistry uri https://registry.npmjs.org/chrome-trace-event
468 verbose addRemoteTarball https://registry.npmjs.org/chrome-trace-event/-/chrome-trace-event-1.0.3.tgz not in flight; adding
469 verbose addRemoteTarball [ 'https://registry.npmjs.org/chrome-trace-event/-/chrome-trace-event-1.0.3.tgz',
469 verbose addRemoteTarball   '1015eced4741e15d06664a957dbbf50d041e26ac' ]
470 silly resolveWithNewModule acorn-import-assertions@1.8.0 checking installable status
471 silly cache add args [ 'acorn-import-assertions@^1.7.6', null ]
472 verbose cache add spec acorn-import-assertions@^1.7.6
473 silly cache add parsed spec Result {
473 silly cache add   raw: 'acorn-import-assertions@^1.7.6',
473 silly cache add   scope: null,
473 silly cache add   name: 'acorn-import-assertions',
473 silly cache add   rawSpec: '^1.7.6',
473 silly cache add   spec: '>=1.7.6 <2.0.0',
473 silly cache add   type: 'range' }
474 silly addNamed acorn-import-assertions@>=1.7.6 <2.0.0
475 verbose addNamed ">=1.7.6 <2.0.0" is a valid semver range for acorn-import-assertions
476 silly addNameRange { name: 'acorn-import-assertions',
476 silly addNameRange   range: '>=1.7.6 <2.0.0',
476 silly addNameRange   hasData: false }
477 silly mapToRegistry name acorn-import-assertions
478 silly mapToRegistry using default registry
479 silly mapToRegistry registry https://registry.npmjs.org/
480 silly mapToRegistry uri https://registry.npmjs.org/acorn-import-assertions
481 verbose addNameRange registry:https://registry.npmjs.org/acorn-import-assertions not in flight; fetching
482 info retry fetch attempt 1 at 15:10:42
483 info attempt registry request try #1 at 15:10:42
484 http fetch GET https://registry.npmjs.org/events/-/events-3.3.0.tgz
485 info retry fetch attempt 1 at 15:10:42
486 info attempt registry request try #1 at 15:10:42
487 http fetch GET https://registry.npmjs.org/json-parse-even-better-errors/-/json-parse-even-better-errors-2.3.1.tgz
488 http 200 https://registry.npmjs.org/graceful-fs
489 verbose headers { date: 'Fri, 04 Nov 2022 14:10:42 GMT',
489 verbose headers   'content-type': 'application/json',
489 verbose headers   'transfer-encoding': 'chunked',
489 verbose headers   connection: 'keep-alive',
489 verbose headers   'cf-ray': '764def454a47bb74-FRA',
489 verbose headers   'access-control-allow-origin': '*',
489 verbose headers   age: '84',
489 verbose headers   'cache-control': 'public, max-age=300',
489 verbose headers   etag: 'W/"85798e5e41077e4112ff35d162cc44f0"',
489 verbose headers   'last-modified': 'Sat, 18 Jun 2022 13:45:37 GMT',
489 verbose headers   vary: 'accept-encoding, accept',
489 verbose headers   'cf-cache-status': 'HIT',
489 verbose headers   'x-amz-replication-status': 'COMPLETED',
489 verbose headers   server: 'cloudflare',
489 verbose headers   'content-encoding': 'gzip' }
490 silly get cb [ 200,
490 silly get   { date: 'Fri, 04 Nov 2022 14:10:42 GMT',
490 silly get     'content-type': 'application/json',
490 silly get     'transfer-encoding': 'chunked',
490 silly get     connection: 'keep-alive',
490 silly get     'cf-ray': '764def454a47bb74-FRA',
490 silly get     'access-control-allow-origin': '*',
490 silly get     age: '84',
490 silly get     'cache-control': 'public, max-age=300',
490 silly get     etag: 'W/"85798e5e41077e4112ff35d162cc44f0"',
490 silly get     'last-modified': 'Sat, 18 Jun 2022 13:45:37 GMT',
490 silly get     vary: 'accept-encoding, accept',
490 silly get     'cf-cache-status': 'HIT',
490 silly get     'x-amz-replication-status': 'COMPLETED',
490 silly get     server: 'cloudflare',
490 silly get     'content-encoding': 'gzip' } ]
491 verbose get saving graceful-fs to /home/users/alex/.npm/registry.npmjs.org/graceful-fs/.cache.json
492 silly fetchAndShaCheck shasum c75297087c851b9a578bd217dd59a92f59fe546e
493 info retry fetch attempt 1 at 15:10:42
494 info attempt registry request try #1 at 15:10:42
495 http fetch GET https://registry.npmjs.org/chrome-trace-event/-/chrome-trace-event-1.0.3.tgz
496 http 200 https://registry.npmjs.org/eslint-scope
497 verbose headers { date: 'Fri, 04 Nov 2022 14:10:42 GMT',
497 verbose headers   'content-type': 'application/json',
497 verbose headers   'transfer-encoding': 'chunked',
497 verbose headers   connection: 'keep-alive',
497 verbose headers   'cf-ray': '764def453bf1699f-FRA',
497 verbose headers   'access-control-allow-origin': '*',
497 verbose headers   age: '47',
497 verbose headers   'cache-control': 'public, max-age=300',
497 verbose headers   etag: 'W/"f630448fdb6e268afa9ea6373708c880"',
497 verbose headers   'last-modified': 'Fri, 17 Jun 2022 20:46:00 GMT',
497 verbose headers   vary: 'accept-encoding, accept',
497 verbose headers   'cf-cache-status': 'HIT',
497 verbose headers   'x-amz-replication-status': 'COMPLETED',
497 verbose headers   server: 'cloudflare',
497 verbose headers   'content-encoding': 'gzip' }
498 silly get cb [ 200,
498 silly get   { date: 'Fri, 04 Nov 2022 14:10:42 GMT',
498 silly get     'content-type': 'application/json',
498 silly get     'transfer-encoding': 'chunked',
498 silly get     connection: 'keep-alive',
498 silly get     'cf-ray': '764def453bf1699f-FRA',
498 silly get     'access-control-allow-origin': '*',
498 silly get     age: '47',
498 silly get     'cache-control': 'public, max-age=300',
498 silly get     etag: 'W/"f630448fdb6e268afa9ea6373708c880"',
498 silly get     'last-modified': 'Fri, 17 Jun 2022 20:46:00 GMT',
498 silly get     vary: 'accept-encoding, accept',
498 silly get     'cf-cache-status': 'HIT',
498 silly get     'x-amz-replication-status': 'COMPLETED',
498 silly get     server: 'cloudflare',
498 silly get     'content-encoding': 'gzip' } ]
499 verbose get saving eslint-scope to /home/users/alex/.npm/registry.npmjs.org/eslint-scope/.cache.json
500 silly resolveWithNewModule schema-utils@3.1.1 checking installable status
501 silly cache add args [ 'schema-utils@^3.1.0', null ]
502 verbose cache add spec schema-utils@^3.1.0
503 silly cache add parsed spec Result {
503 silly cache add   raw: 'schema-utils@^3.1.0',
503 silly cache add   scope: null,
503 silly cache add   name: 'schema-utils',
503 silly cache add   rawSpec: '^3.1.0',
503 silly cache add   spec: '>=3.1.0 <4.0.0',
503 silly cache add   type: 'range' }
504 silly addNamed schema-utils@>=3.1.0 <4.0.0
505 verbose addNamed ">=3.1.0 <4.0.0" is a valid semver range for schema-utils
506 silly addNameRange { name: 'schema-utils', range: '>=3.1.0 <4.0.0', hasData: false }
507 silly mapToRegistry name schema-utils
508 silly mapToRegistry using default registry
509 silly mapToRegistry registry https://registry.npmjs.org/
510 silly mapToRegistry uri https://registry.npmjs.org/schema-utils
511 verbose addNameRange registry:https://registry.npmjs.org/schema-utils not in flight; fetching
512 silly resolveWithNewModule @types/eslint-scope@3.7.4 checking installable status
513 silly cache add args [ '@types/eslint-scope@^3.7.3', null ]
514 verbose cache add spec @types/eslint-scope@^3.7.3
515 silly cache add parsed spec Result {
515 silly cache add   raw: '@types/eslint-scope@^3.7.3',
515 silly cache add   scope: '@types',
515 silly cache add   name: '@types/eslint-scope',
515 silly cache add   rawSpec: '^3.7.3',
515 silly cache add   spec: '>=3.7.3 <4.0.0',
515 silly cache add   type: 'range' }
516 silly addNamed @types/eslint-scope@>=3.7.3 <4.0.0
517 verbose addNamed ">=3.7.3 <4.0.0" is a valid semver range for @types/eslint-scope
518 silly addNameRange { name: '@types/eslint-scope',
518 silly addNameRange   range: '>=3.7.3 <4.0.0',
518 silly addNameRange   hasData: false }
519 silly mapToRegistry name @types/eslint-scope
520 silly mapToRegistry scope (from package name) @types
521 verbose mapToRegistry no registry URL found in name for scope @types
522 silly mapToRegistry using default registry
523 silly mapToRegistry registry https://registry.npmjs.org/
524 silly mapToRegistry uri https://registry.npmjs.org/@types%2feslint-scope
525 verbose addNameRange registry:https://registry.npmjs.org/@types%2feslint-scope not in flight; fetching
526 http 200 https://registry.npmjs.org/@webassemblyjs%2fwasm-parser
527 verbose headers { date: 'Fri, 04 Nov 2022 14:10:42 GMT',
527 verbose headers   'content-type': 'application/json',
527 verbose headers   'transfer-encoding': 'chunked',
527 verbose headers   connection: 'keep-alive',
527 verbose headers   'cf-ray': '764def4538e79bfe-FRA',
527 verbose headers   'access-control-allow-origin': '*',
527 verbose headers   age: '84',
527 verbose headers   'cache-control': 'public, max-age=300',
527 verbose headers   etag: 'W/"cfb02cd15adfb5ee9e4a5d7e69dab7fe"',
527 verbose headers   'last-modified': 'Sat, 02 Jul 2022 11:52:57 GMT',
527 verbose headers   vary: 'accept-encoding, accept',
527 verbose headers   'cf-cache-status': 'HIT',
527 verbose headers   'x-amz-replication-status': 'COMPLETED',
527 verbose headers   server: 'cloudflare',
527 verbose headers   'content-encoding': 'gzip' }
528 silly get cb [ 200,
528 silly get   { date: 'Fri, 04 Nov 2022 14:10:42 GMT',
528 silly get     'content-type': 'application/json',
528 silly get     'transfer-encoding': 'chunked',
528 silly get     connection: 'keep-alive',
528 silly get     'cf-ray': '764def4538e79bfe-FRA',
528 silly get     'access-control-allow-origin': '*',
528 silly get     age: '84',
528 silly get     'cache-control': 'public, max-age=300',
528 silly get     etag: 'W/"cfb02cd15adfb5ee9e4a5d7e69dab7fe"',
528 silly get     'last-modified': 'Sat, 02 Jul 2022 11:52:57 GMT',
528 silly get     vary: 'accept-encoding, accept',
528 silly get     'cf-cache-status': 'HIT',
528 silly get     'x-amz-replication-status': 'COMPLETED',
528 silly get     server: 'cloudflare',
528 silly get     'content-encoding': 'gzip' } ]
529 verbose get saving @webassemblyjs/wasm-parser to /home/users/alex/.npm/registry.npmjs.org/_40webassemblyjs_252fwasm-parser/.cache.json
530 http 200 https://registry.npmjs.org/neo-async
531 verbose headers { date: 'Fri, 04 Nov 2022 14:10:42 GMT',
531 verbose headers   'content-type': 'application/json',
531 verbose headers   'transfer-encoding': 'chunked',
531 verbose headers   connection: 'keep-alive',
531 verbose headers   'cf-ray': '764def453d519208-FRA',
531 verbose headers   'access-control-allow-origin': '*',
531 verbose headers   age: '156',
531 verbose headers   'cache-control': 'public, max-age=300',
531 verbose headers   etag: 'W/"2a5967f2a59479e15b7ca088222b4c3b"',
531 verbose headers   'last-modified': 'Tue, 21 Jun 2022 00:04:11 GMT',
531 verbose headers   vary: 'accept-encoding, accept',
531 verbose headers   'cf-cache-status': 'HIT',
531 verbose headers   'x-amz-replication-status': 'COMPLETED',
531 verbose headers   server: 'cloudflare',
531 verbose headers   'content-encoding': 'gzip' }
532 silly get cb [ 200,
532 silly get   { date: 'Fri, 04 Nov 2022 14:10:42 GMT',
532 silly get     'content-type': 'application/json',
532 silly get     'transfer-encoding': 'chunked',
532 silly get     connection: 'keep-alive',
532 silly get     'cf-ray': '764def453d519208-FRA',
532 silly get     'access-control-allow-origin': '*',
532 silly get     age: '156',
532 silly get     'cache-control': 'public, max-age=300',
532 silly get     etag: 'W/"2a5967f2a59479e15b7ca088222b4c3b"',
532 silly get     'last-modified': 'Tue, 21 Jun 2022 00:04:11 GMT',
532 silly get     vary: 'accept-encoding, accept',
532 silly get     'cf-cache-status': 'HIT',
532 silly get     'x-amz-replication-status': 'COMPLETED',
532 silly get     server: 'cloudflare',
532 silly get     'content-encoding': 'gzip' } ]
533 verbose get saving neo-async to /home/users/alex/.npm/registry.npmjs.org/neo-async/.cache.json
534 silly resolveWithNewModule mime-types@2.1.35 checking installable status
535 silly cache add args [ 'mime-types@^2.1.27', null ]
536 verbose cache add spec mime-types@^2.1.27
537 silly cache add parsed spec Result {
537 silly cache add   raw: 'mime-types@^2.1.27',
537 silly cache add   scope: null,
537 silly cache add   name: 'mime-types',
537 silly cache add   rawSpec: '^2.1.27',
537 silly cache add   spec: '>=2.1.27 <3.0.0',
537 silly cache add   type: 'range' }
538 silly addNamed mime-types@>=2.1.27 <3.0.0
539 verbose addNamed ">=2.1.27 <3.0.0" is a valid semver range for mime-types
540 silly addNameRange { name: 'mime-types', range: '>=2.1.27 <3.0.0', hasData: false }
541 silly mapToRegistry name mime-types
542 silly mapToRegistry using default registry
543 silly mapToRegistry registry https://registry.npmjs.org/
544 silly mapToRegistry uri https://registry.npmjs.org/mime-types
545 verbose addNameRange registry:https://registry.npmjs.org/mime-types not in flight; fetching
546 verbose addTmpTarball /tmp/npm-13303-ea07df1b/registry.npmjs.org/glob-to-regexp/-/glob-to-regexp-0.4.1.tgz not in flight; adding
547 verbose addTmpTarball already have metadata; skipping unpack for glob-to-regexp@0.4.1
548 verbose get https://registry.npmjs.org/acorn-import-assertions not expired, no request
549 silly addNameRange number 2 { name: 'acorn-import-assertions',
549 silly addNameRange   range: '>=1.7.6 <2.0.0',
549 silly addNameRange   hasData: true }
550 silly addNameRange versions [ 'acorn-import-assertions',
550 silly addNameRange   [ '1.0.0',
550 silly addNameRange     '1.1.0',
550 silly addNameRange     '1.2.0',
550 silly addNameRange     '1.3.0',
550 silly addNameRange     '1.4.0',
550 silly addNameRange     '1.4.1',
550 silly addNameRange     '1.4.2',
550 silly addNameRange     '1.4.3',
550 silly addNameRange     '1.4.4',
550 silly addNameRange     '1.4.5',
550 silly addNameRange     '1.4.6',
550 silly addNameRange     '1.5.0',
550 silly addNameRange     '1.6.0',
550 silly addNameRange     '1.7.0',
550 silly addNameRange     '1.7.1',
550 silly addNameRange     '1.7.2',
550 silly addNameRange     '1.7.3',
550 silly addNameRange     '1.7.4',
550 silly addNameRange     '1.7.5',
550 silly addNameRange     '1.7.6',
550 silly addNameRange     '1.8.0' ] ]
551 silly addNamed acorn-import-assertions@1.8.0
552 verbose addNamed "1.8.0" is a plain semver version for acorn-import-assertions
553 http fetch 200 https://registry.npmjs.org/chrome-trace-event/-/chrome-trace-event-1.0.3.tgz
554 silly mapToRegistry name acorn-import-assertions
555 silly mapToRegistry using default registry
556 silly mapToRegistry registry https://registry.npmjs.org/
557 silly mapToRegistry uri https://registry.npmjs.org/acorn-import-assertions
558 verbose addRemoteTarball https://registry.npmjs.org/acorn-import-assertions/-/acorn-import-assertions-1.8.0.tgz not in flight; adding
559 verbose addRemoteTarball [ 'https://registry.npmjs.org/acorn-import-assertions/-/acorn-import-assertions-1.8.0.tgz',
559 verbose addRemoteTarball   'ba2b5939ce62c238db6d93d81c9b111b29b855e9' ]
560 verbose stack Error: Missing required argument #1
560 verbose stack     at andLogAndFinish (/usr/share/npm/lib/fetch-package-metadata.js:31:3)
560 verbose stack     at fetchPackageMetadata (/usr/share/npm/lib/fetch-package-metadata.js:51:22)
560 verbose stack     at resolveWithNewModule (/usr/share/npm/lib/install/deps.js:456:12)
560 verbose stack     at /usr/share/npm/lib/install/deps.js:457:7
560 verbose stack     at /usr/share/npm/node_modules/iferr/index.js:13:50
560 verbose stack     at /usr/share/npm/lib/fetch-package-metadata.js:37:12
560 verbose stack     at addRequestedAndFinish (/usr/share/npm/lib/fetch-package-metadata.js:82:5)
560 verbose stack     at returnAndAddMetadata (/usr/share/npm/lib/fetch-package-metadata.js:117:7)
560 verbose stack     at pickVersionFromRegistryDocument (/usr/share/npm/lib/fetch-package-metadata.js:134:20)
560 verbose stack     at /usr/share/npm/node_modules/iferr/index.js:13:50
561 verbose cwd /home/users/alex/www
562 error Linux 4.15.0-175-generic
563 error argv "/usr/bin/node" "/usr/bin/npm" "install" "webpack" "webpack-cli" "--save-dev"
564 error node v8.10.0
565 error npm  v3.5.2
566 error code EMISSINGARG
567 error typeerror Error: Missing required argument #1
567 error typeerror     at andLogAndFinish (/usr/share/npm/lib/fetch-package-metadata.js:31:3)
567 error typeerror     at fetchPackageMetadata (/usr/share/npm/lib/fetch-package-metadata.js:51:22)
567 error typeerror     at resolveWithNewModule (/usr/share/npm/lib/install/deps.js:456:12)
567 error typeerror     at /usr/share/npm/lib/install/deps.js:457:7
567 error typeerror     at /usr/share/npm/node_modules/iferr/index.js:13:50
567 error typeerror     at /usr/share/npm/lib/fetch-package-metadata.js:37:12
567 error typeerror     at addRequestedAndFinish (/usr/share/npm/lib/fetch-package-metadata.js:82:5)
567 error typeerror     at returnAndAddMetadata (/usr/share/npm/lib/fetch-package-metadata.js:117:7)
567 error typeerror     at pickVersionFromRegistryDocument (/usr/share/npm/lib/fetch-package-metadata.js:134:20)
567 error typeerror     at /usr/share/npm/node_modules/iferr/index.js:13:50
568 error typeerror This is an error with npm itself. Please report this error at:
568 error typeerror     <http://github.com/npm/npm/issues>
569 verbose exit [ 1, true ]
